This file contains any messages produced by compilers while
running ./compile.sh, to aid debugging if ./compile.sh makes a mistake.

./compile.sh: checking whether we are using GNU C
./compile.sh: cc -E conftest.c
./compile.sh: Checking for X11 RandR support
./compile.sh: cc -c  conftest.c 1>&5
./compile.sh: Checking for pthread support
./compile.sh: cc -o conftest  -pthread  conftest.c -lGL -lX11 -lXrandr -pthread 1>&5
./compile.sh: Checking for sched_yield
./compile.sh: cc -c  -pthread conftest.c 1>&5
./compile.sh: Checking for glXGetProcAddress variants
./compile.sh: cc -o conftest  -pthread  conftest.c -lGL -lX11 -lXrandr -pthread 1>&5
./compile.sh: Checking for dlopen
./compile.sh: cc -o conftest  -pthread  conftest.c -lGL -lX11 -lXrandr -pthread 1>&5
./compile.sh: Checking for sysconf
./compile.sh: cc -o conftest  -pthread  conftest.c -lGL -lX11 -lXrandr -pthread 1>&5
./compile.sh: Checking for sysctl support
./compile.sh: cc -E conftest.c
./compile.sh: Creating ./lib/x11/Makefile.x11
./compile.sh: Creating ./examples/Makefile.x11
./compile.sh: Creating ./tests/Makefile.x11
./compile.sh: Creating ./lib/x11/libglfw.pc.in
